  Window.cpp
c:\users\tuomassuo\desktop\opengl-sdl-graphics-test\devyengine\window.h(2): fatal error C1083: Cannot open include file: 'SDL/SDL.h': No such file or directory
  Timing.cpp
c:\users\tuomassuo\desktop\opengl-sdl-graphics-test\devyengine\timing.cpp(2): fatal error C1083: Cannot open include file: 'SDL\SDL.h': No such file or directory
  TextureCache.cpp
c:\users\tuomassuo\desktop\opengl-sdl-graphics-test\devyengine\gltexture.h(2): fatal error C1083: Cannot open include file: 'GL/glew.h': No such file or directory
  SpriteBatch.cpp
c:\users\tuomassuo\desktop\opengl-sdl-graphics-test\devyengine\spritebatch.h(2): fatal error C1083: Cannot open include file: 'GL/glew.h': No such file or directory
  Sprite.cpp
c:\users\tuomassuo\desktop\opengl-sdl-graphics-test\devyengine\sprite.h(2): fatal error C1083: Cannot open include file: 'GL/glew.h': No such file or directory
  ResourceManager.cpp
c:\users\tuomassuo\desktop\opengl-sdl-graphics-test\devyengine\gltexture.h(2): fatal error C1083: Cannot open include file: 'GL/glew.h': No such file or directory
  picoPNG.cpp
  Physics.cpp
  IOManager.cpp
c:\users\tuomassuo\desktop\opengl-sdl-graphics-test\devyengine\iomanager.cpp(16): warning C4244: 'initializing': conversion from 'std::streamoff' to 'int', possible loss of data
c:\users\tuomassuo\desktop\opengl-sdl-graphics-test\devyengine\iomanager.cpp(19): warning C4244: '-=': conversion from 'std::streamoff' to 'int', possible loss of data
  InputManager.cpp
c:\users\tuomassuo\desktop\opengl-sdl-graphics-test\devyengine\inputmanager.h(3): fatal error C1083: Cannot open include file: 'glm\glm.hpp': No such file or directory
  ImageLoader.cpp
c:\users\tuomassuo\desktop\opengl-sdl-graphics-test\devyengine\gltexture.h(2): fatal error C1083: Cannot open include file: 'GL/glew.h': No such file or directory
  GLSLprogram.cpp
c:\users\tuomassuo\desktop\opengl-sdl-graphics-test\devyengine\glslprogram.h(2): fatal error C1083: Cannot open include file: 'GL/glew.h': No such file or directory
  Errors.cpp
c:\users\tuomassuo\desktop\opengl-sdl-graphics-test\devyengine\errors.cpp(4): fatal error C1083: Cannot open include file: 'SDL/SDL.h': No such file or directory
  DevyEngine.cpp
c:\users\tuomassuo\desktop\opengl-sdl-graphics-test\devyengine\devyengine.cpp(1): fatal error C1083: Cannot open include file: 'SDL/SDL.h': No such file or directory
  Camera2D.cpp
c:\users\tuomassuo\desktop\opengl-sdl-graphics-test\devyengine\camera2d.h(2): fatal error C1083: Cannot open include file: 'glm/glm.hpp': No such file or directory
  Generating Code...
